0 info it worked if it ends with ok
1 verbose cli [ '/usr/local/bin/node', '/usr/local/bin/npm', 'update' ]
2 info using npm@3.10.10
3 info using node@v6.11.3
4 silly mapToRegistry name handlebars
5 silly mapToRegistry using default registry
6 silly mapToRegistry registry https://registry.npmjs.org/
7 silly mapToRegistry data Result {
7 silly mapToRegistry   raw: 'handlebars',
7 silly mapToRegistry   scope: null,
7 silly mapToRegistry   escapedName: 'handlebars',
7 silly mapToRegistry   name: 'handlebars',
7 silly mapToRegistry   rawSpec: '',
7 silly mapToRegistry   spec: 'latest',
7 silly mapToRegistry   type: 'tag' }
8 silly mapToRegistry uri https://registry.npmjs.org/handlebars
9 silly mapToRegistry name hapi
10 silly mapToRegistry using default registry
11 silly mapToRegistry registry https://registry.npmjs.org/
12 silly mapToRegistry data Result {
12 silly mapToRegistry   raw: 'hapi',
12 silly mapToRegistry   scope: null,
12 silly mapToRegistry   escapedName: 'hapi',
12 silly mapToRegistry   name: 'hapi',
12 silly mapToRegistry   rawSpec: '',
12 silly mapToRegistry   spec: 'latest',
12 silly mapToRegistry   type: 'tag' }
13 silly mapToRegistry uri https://registry.npmjs.org/hapi
14 silly mapToRegistry name hapi-auth-cookie
15 silly mapToRegistry using default registry
16 silly mapToRegistry registry https://registry.npmjs.org/
17 silly mapToRegistry data Result {
17 silly mapToRegistry   raw: 'hapi-auth-cookie',
17 silly mapToRegistry   scope: null,
17 silly mapToRegistry   escapedName: 'hapi-auth-cookie',
17 silly mapToRegistry   name: 'hapi-auth-cookie',
17 silly mapToRegistry   rawSpec: '',
17 silly mapToRegistry   spec: 'latest',
17 silly mapToRegistry   type: 'tag' }
18 silly mapToRegistry uri https://registry.npmjs.org/hapi-auth-cookie
19 silly mapToRegistry name inert
20 silly mapToRegistry using default registry
21 silly mapToRegistry registry https://registry.npmjs.org/
22 silly mapToRegistry data Result {
22 silly mapToRegistry   raw: 'inert',
22 silly mapToRegistry   scope: null,
22 silly mapToRegistry   escapedName: 'inert',
22 silly mapToRegistry   name: 'inert',
22 silly mapToRegistry   rawSpec: '',
22 silly mapToRegistry   spec: 'latest',
22 silly mapToRegistry   type: 'tag' }
23 silly mapToRegistry uri https://registry.npmjs.org/inert
24 silly mapToRegistry name joi
25 silly mapToRegistry using default registry
26 silly mapToRegistry registry https://registry.npmjs.org/
27 silly mapToRegistry data Result {
27 silly mapToRegistry   raw: 'joi',
27 silly mapToRegistry   scope: null,
27 silly mapToRegistry   escapedName: 'joi',
27 silly mapToRegistry   name: 'joi',
27 silly mapToRegistry   rawSpec: '',
27 silly mapToRegistry   spec: 'latest',
27 silly mapToRegistry   type: 'tag' }
28 silly mapToRegistry uri https://registry.npmjs.org/joi
29 silly mapToRegistry name mongoose
30 silly mapToRegistry using default registry
31 silly mapToRegistry registry https://registry.npmjs.org/
32 silly mapToRegistry data Result {
32 silly mapToRegistry   raw: 'mongoose',
32 silly mapToRegistry   scope: null,
32 silly mapToRegistry   escapedName: 'mongoose',
32 silly mapToRegistry   name: 'mongoose',
32 silly mapToRegistry   rawSpec: '',
32 silly mapToRegistry   spec: 'latest',
32 silly mapToRegistry   type: 'tag' }
33 silly mapToRegistry uri https://registry.npmjs.org/mongoose
34 silly mapToRegistry name vision
35 silly mapToRegistry using default registry
36 silly mapToRegistry registry https://registry.npmjs.org/
37 silly mapToRegistry data Result {
37 silly mapToRegistry   raw: 'vision',
37 silly mapToRegistry   scope: null,
37 silly mapToRegistry   escapedName: 'vision',
37 silly mapToRegistry   name: 'vision',
37 silly mapToRegistry   rawSpec: '',
37 silly mapToRegistry   spec: 'latest',
37 silly mapToRegistry   type: 'tag' }
38 silly mapToRegistry uri https://registry.npmjs.org/vision
39 silly mapToRegistry name start
40 silly mapToRegistry using default registry
41 silly mapToRegistry registry https://registry.npmjs.org/
42 silly mapToRegistry data Result {
42 silly mapToRegistry   raw: 'start',
42 silly mapToRegistry   scope: null,
42 silly mapToRegistry   escapedName: 'start',
42 silly mapToRegistry   name: 'start',
42 silly mapToRegistry   rawSpec: '',
42 silly mapToRegistry   spec: 'latest',
42 silly mapToRegistry   type: 'tag' }
43 silly mapToRegistry uri https://registry.npmjs.org/start
44 verbose request uri https://registry.npmjs.org/handlebars
45 verbose request no auth needed
46 info attempt registry request try #1 at 1:35:57 PM
47 verbose request id 0503718865b20b91
48 verbose etag W/"59d9e037-12317"
49 verbose lastModified Sun, 08 Oct 2017 08:22:15 GMT
50 http request GET https://registry.npmjs.org/handlebars
51 verbose request uri https://registry.npmjs.org/hapi
52 verbose request no auth needed
53 info attempt registry request try #1 at 1:35:57 PM
54 verbose etag W/"59d8a17c-5d9c6"
55 verbose lastModified Sat, 07 Oct 2017 09:42:20 GMT
56 http request GET https://registry.npmjs.org/hapi
57 verbose request uri https://registry.npmjs.org/hapi-auth-cookie
58 verbose request no auth needed
59 info attempt registry request try #1 at 1:35:57 PM
60 verbose etag W/"5973cc98-9847"
61 verbose lastModified Sat, 22 Jul 2017 22:07:20 GMT
62 http request GET https://registry.npmjs.org/hapi-auth-cookie
63 verbose request uri https://registry.npmjs.org/inert
64 verbose request no auth needed
65 info attempt registry request try #1 at 1:35:57 PM
66 verbose etag W/"59d8a021-c892"
67 verbose lastModified Sat, 07 Oct 2017 09:36:33 GMT
68 http request GET https://registry.npmjs.org/inert
69 verbose request uri https://registry.npmjs.org/joi
70 verbose request no auth needed
71 info attempt registry request try #1 at 1:35:57 PM
72 verbose etag W/"59db167a-37d8f"
73 verbose lastModified Mon, 09 Oct 2017 06:26:02 GMT
74 http request GET https://registry.npmjs.org/joi
75 verbose request uri https://registry.npmjs.org/mongoose
76 verbose request no auth needed
77 info attempt registry request try #1 at 1:35:57 PM
78 verbose etag W/"59db3b9e-a3fa1"
79 verbose lastModified Mon, 09 Oct 2017 09:04:30 GMT
80 http request GET https://registry.npmjs.org/mongoose
81 verbose request uri https://registry.npmjs.org/vision
82 verbose request no auth needed
83 info attempt registry request try #1 at 1:35:57 PM
84 verbose etag W/"59d89f46-6a54"
85 verbose lastModified Sat, 07 Oct 2017 09:32:54 GMT
86 http request GET https://registry.npmjs.org/vision
87 verbose request uri https://registry.npmjs.org/start
88 verbose request no auth needed
89 info attempt registry request try #1 at 1:35:57 PM
90 verbose etag W/"595c1de3-dbb7"
91 verbose lastModified Tue, 04 Jul 2017 22:59:47 GMT
92 http request GET https://registry.npmjs.org/start
93 http 304 https://registry.npmjs.org/handlebars
94 verbose headers { date: 'Mon, 09 Oct 2017 12:35:58 GMT',
94 verbose headers   via: '1.1 varnish',
94 verbose headers   'cache-control': 'max-age=300',
94 verbose headers   etag: 'W/"59d9e037-12317"',
94 verbose headers   age: '253',
94 verbose headers   connection: 'keep-alive',
94 verbose headers   'x-served-by': 'cache-sea1022-SEA',
94 verbose headers   'x-cache': 'HIT',
94 verbose headers   'x-cache-hits': '2',
94 verbose headers   'x-timer': 'S1507552558.257746,VS0,VE0',
94 verbose headers   vary: 'Accept-Encoding, Accept' }
95 silly get cb [ 304,
95 silly get   { date: 'Mon, 09 Oct 2017 12:35:58 GMT',
95 silly get     via: '1.1 varnish',
95 silly get     'cache-control': 'max-age=300',
95 silly get     etag: 'W/"59d9e037-12317"',
95 silly get     age: '253',
95 silly get     connection: 'keep-alive',
95 silly get     'x-served-by': 'cache-sea1022-SEA',
95 silly get     'x-cache': 'HIT',
95 silly get     'x-cache-hits': '2',
95 silly get     'x-timer': 'S1507552558.257746,VS0,VE0',
95 silly get     vary: 'Accept-Encoding, Accept' } ]
96 verbose etag https://registry.npmjs.org/handlebars from cache
97 verbose get saving handlebars to /home/gary/.npm/registry.npmjs.org/handlebars/.cache.json
98 verbose correctMkdir /home/gary/.npm correctMkdir not in flight; initializing
99 http 304 https://registry.npmjs.org/hapi
100 verbose headers { date: 'Mon, 09 Oct 2017 12:35:58 GMT',
100 verbose headers   via: '1.1 varnish',
100 verbose headers   'cache-control': 'max-age=300',
100 verbose headers   etag: 'W/"59d8a17c-5d9c6"',
100 verbose headers   age: '125',
100 verbose headers   connection: 'keep-alive',
100 verbose headers   'x-served-by': 'cache-sea1020-SEA',
100 verbose headers   'x-cache': 'HIT',
100 verbose headers   'x-cache-hits': '1',
100 verbose headers   'x-timer': 'S1507552558.283244,VS0,VE0',
100 verbose headers   vary: 'Accept-Encoding, Accept' }
101 silly get cb [ 304,
101 silly get   { date: 'Mon, 09 Oct 2017 12:35:58 GMT',
101 silly get     via: '1.1 varnish',
101 silly get     'cache-control': 'max-age=300',
101 silly get     etag: 'W/"59d8a17c-5d9c6"',
101 silly get     age: '125',
101 silly get     connection: 'keep-alive',
101 silly get     'x-served-by': 'cache-sea1020-SEA',
101 silly get     'x-cache': 'HIT',
101 silly get     'x-cache-hits': '1',
101 silly get     'x-timer': 'S1507552558.283244,VS0,VE0',
101 silly get     vary: 'Accept-Encoding, Accept' } ]
102 verbose etag https://registry.npmjs.org/hapi from cache
103 verbose get saving hapi to /home/gary/.npm/registry.npmjs.org/hapi/.cache.json
104 verbose correctMkdir /home/gary/.npm correctMkdir already in flight; waiting
105 http 304 https://registry.npmjs.org/hapi-auth-cookie
106 verbose headers { date: 'Mon, 09 Oct 2017 12:35:58 GMT',
106 verbose headers   via: '1.1 varnish',
106 verbose headers   'cache-control': 'max-age=300',
106 verbose headers   etag: 'W/"5973cc98-9847"',
106 verbose headers   age: '213',
106 verbose headers   connection: 'keep-alive',
106 verbose headers   'x-served-by': 'cache-sea1047-SEA',
106 verbose headers   'x-cache': 'HIT',
106 verbose headers   'x-cache-hits': '2',
106 verbose headers   'x-timer': 'S1507552558.285144,VS0,VE0',
106 verbose headers   vary: 'Accept-Encoding, Accept' }
107 silly get cb [ 304,
107 silly get   { date: 'Mon, 09 Oct 2017 12:35:58 GMT',
107 silly get     via: '1.1 varnish',
107 silly get     'cache-control': 'max-age=300',
107 silly get     etag: 'W/"5973cc98-9847"',
107 silly get     age: '213',
107 silly get     connection: 'keep-alive',
107 silly get     'x-served-by': 'cache-sea1047-SEA',
107 silly get     'x-cache': 'HIT',
107 silly get     'x-cache-hits': '2',
107 silly get     'x-timer': 'S1507552558.285144,VS0,VE0',
107 silly get     vary: 'Accept-Encoding, Accept' } ]
108 verbose etag https://registry.npmjs.org/hapi-auth-cookie from cache
109 verbose get saving hapi-auth-cookie to /home/gary/.npm/registry.npmjs.org/hapi-auth-cookie/.cache.json
110 verbose correctMkdir /home/gary/.npm correctMkdir already in flight; waiting
111 http 304 https://registry.npmjs.org/inert
112 verbose headers { date: 'Mon, 09 Oct 2017 12:35:58 GMT',
112 verbose headers   via: '1.1 varnish',
112 verbose headers   'cache-control': 'max-age=300',
112 verbose headers   etag: 'W/"59d8a021-c892"',
112 verbose headers   age: '196',
112 verbose headers   connection: 'keep-alive',
112 verbose headers   'x-served-by': 'cache-sea1027-SEA',
112 verbose headers   'x-cache': 'HIT',
112 verbose headers   'x-cache-hits': '1',
112 verbose headers   'x-timer': 'S1507552558.285719,VS0,VE0',
112 verbose headers   vary: 'Accept-Encoding, Accept' }
113 silly get cb [ 304,
113 silly get   { date: 'Mon, 09 Oct 2017 12:35:58 GMT',
113 silly get     via: '1.1 varnish',
113 silly get     'cache-control': 'max-age=300',
113 silly get     etag: 'W/"59d8a021-c892"',
113 silly get     age: '196',
113 silly get     connection: 'keep-alive',
113 silly get     'x-served-by': 'cache-sea1027-SEA',
113 silly get     'x-cache': 'HIT',
113 silly get     'x-cache-hits': '1',
113 silly get     'x-timer': 'S1507552558.285719,VS0,VE0',
113 silly get     vary: 'Accept-Encoding, Accept' } ]
114 verbose etag https://registry.npmjs.org/inert from cache
115 verbose get saving inert to /home/gary/.npm/registry.npmjs.org/inert/.cache.json
116 verbose correctMkdir /home/gary/.npm correctMkdir already in flight; waiting
117 http 304 https://registry.npmjs.org/joi
118 verbose headers { date: 'Mon, 09 Oct 2017 12:35:58 GMT',
118 verbose headers   via: '1.1 varnish',
118 verbose headers   'cache-control': 'max-age=300',
118 verbose headers   etag: 'W/"59db167a-37d8f"',
118 verbose headers   age: '256',
118 verbose headers   connection: 'keep-alive',
118 verbose headers   'x-served-by': 'cache-sea1039-SEA',
118 verbose headers   'x-cache': 'HIT',
118 verbose headers   'x-cache-hits': '1',
118 verbose headers   'x-timer': 'S1507552558.380450,VS0,VE1',
118 verbose headers   vary: 'Accept-Encoding, Accept' }
119 silly get cb [ 304,
119 silly get   { date: 'Mon, 09 Oct 2017 12:35:58 GMT',
119 silly get     via: '1.1 varnish',
119 silly get     'cache-control': 'max-age=300',
119 silly get     etag: 'W/"59db167a-37d8f"',
119 silly get     age: '256',
119 silly get     connection: 'keep-alive',
119 silly get     'x-served-by': 'cache-sea1039-SEA',
119 silly get     'x-cache': 'HIT',
119 silly get     'x-cache-hits': '1',
119 silly get     'x-timer': 'S1507552558.380450,VS0,VE1',
119 silly get     vary: 'Accept-Encoding, Accept' } ]
120 verbose etag https://registry.npmjs.org/joi from cache
121 verbose get saving joi to /home/gary/.npm/registry.npmjs.org/joi/.cache.json
122 verbose correctMkdir /home/gary/.npm correctMkdir not in flight; initializing
123 http 304 https://registry.npmjs.org/mongoose
124 verbose headers { date: 'Mon, 09 Oct 2017 12:35:58 GMT',
124 verbose headers   via: '1.1 varnish',
124 verbose headers   'cache-control': 'max-age=300',
124 verbose headers   etag: 'W/"59db3b9e-a3fa1"',
124 verbose headers   age: '129',
124 verbose headers   connection: 'keep-alive',
124 verbose headers   'x-served-by': 'cache-sea1029-SEA',
124 verbose headers   'x-cache': 'HIT',
124 verbose headers   'x-cache-hits': '1',
124 verbose headers   'x-timer': 'S1507552558.446241,VS0,VE0',
124 verbose headers   vary: 'Accept-Encoding, Accept' }
125 silly get cb [ 304,
125 silly get   { date: 'Mon, 09 Oct 2017 12:35:58 GMT',
125 silly get     via: '1.1 varnish',
125 silly get     'cache-control': 'max-age=300',
125 silly get     etag: 'W/"59db3b9e-a3fa1"',
125 silly get     age: '129',
125 silly get     connection: 'keep-alive',
125 silly get     'x-served-by': 'cache-sea1029-SEA',
125 silly get     'x-cache': 'HIT',
125 silly get     'x-cache-hits': '1',
125 silly get     'x-timer': 'S1507552558.446241,VS0,VE0',
125 silly get     vary: 'Accept-Encoding, Accept' } ]
126 verbose etag https://registry.npmjs.org/mongoose from cache
127 verbose get saving mongoose to /home/gary/.npm/registry.npmjs.org/mongoose/.cache.json
128 verbose correctMkdir /home/gary/.npm correctMkdir not in flight; initializing
129 http 304 https://registry.npmjs.org/vision
130 verbose headers { date: 'Mon, 09 Oct 2017 12:35:58 GMT',
130 verbose headers   via: '1.1 varnish',
130 verbose headers   'cache-control': 'max-age=300',
130 verbose headers   etag: 'W/"59d89f46-6a54"',
130 verbose headers   age: '177',
130 verbose headers   connection: 'keep-alive',
130 verbose headers   'x-served-by': 'cache-sea1021-SEA',
130 verbose headers   'x-cache': 'HIT',
130 verbose headers   'x-cache-hits': '1',
130 verbose headers   'x-timer': 'S1507552558.447990,VS0,VE0',
130 verbose headers   vary: 'Accept-Encoding, Accept' }
131 silly get cb [ 304,
131 silly get   { date: 'Mon, 09 Oct 2017 12:35:58 GMT',
131 silly get     via: '1.1 varnish',
131 silly get     'cache-control': 'max-age=300',
131 silly get     etag: 'W/"59d89f46-6a54"',
131 silly get     age: '177',
131 silly get     connection: 'keep-alive',
131 silly get     'x-served-by': 'cache-sea1021-SEA',
131 silly get     'x-cache': 'HIT',
131 silly get     'x-cache-hits': '1',
131 silly get     'x-timer': 'S1507552558.447990,VS0,VE0',
131 silly get     vary: 'Accept-Encoding, Accept' } ]
132 verbose etag https://registry.npmjs.org/vision from cache
133 verbose get saving vision to /home/gary/.npm/registry.npmjs.org/vision/.cache.json
134 verbose correctMkdir /home/gary/.npm correctMkdir not in flight; initializing
135 http 304 https://registry.npmjs.org/start
136 verbose headers { date: 'Mon, 09 Oct 2017 12:35:58 GMT',
136 verbose headers   via: '1.1 varnish',
136 verbose headers   'cache-control': 'max-age=300',
136 verbose headers   etag: 'W/"595c1de3-dbb7"',
136 verbose headers   age: '182',
136 verbose headers   connection: 'keep-alive',
136 verbose headers   'x-served-by': 'cache-sea1049-SEA',
136 verbose headers   'x-cache': 'HIT',
136 verbose headers   'x-cache-hits': '1',
136 verbose headers   'x-timer': 'S1507552558.448786,VS0,VE0',
136 verbose headers   vary: 'Accept-Encoding, Accept' }
137 silly get cb [ 304,
137 silly get   { date: 'Mon, 09 Oct 2017 12:35:58 GMT',
137 silly get     via: '1.1 varnish',
137 silly get     'cache-control': 'max-age=300',
137 silly get     etag: 'W/"595c1de3-dbb7"',
137 silly get     age: '182',
137 silly get     connection: 'keep-alive',
137 silly get     'x-served-by': 'cache-sea1049-SEA',
137 silly get     'x-cache': 'HIT',
137 silly get     'x-cache-hits': '1',
137 silly get     'x-timer': 'S1507552558.448786,VS0,VE0',
137 silly get     vary: 'Accept-Encoding, Accept' } ]
138 verbose etag https://registry.npmjs.org/start from cache
139 verbose get saving start to /home/gary/.npm/registry.npmjs.org/start/.cache.json
140 verbose correctMkdir /home/gary/.npm correctMkdir not in flight; initializing
141 silly cache add args [ 'start', 'node index' ]
142 verbose cache add spec start@node index
143 silly cache add parsed spec Result {
143 silly cache add   raw: 'start@node index',
143 silly cache add   scope: null,
143 silly cache add   escapedName: 'start',
143 silly cache add   name: 'start',
143 silly cache add   rawSpec: 'node index',
143 silly cache add   spec: 'node index',
143 silly cache add   type: 'tag' }
144 silly addNamed start@node index
145 verbose addNamed "node index" is being treated as a dist-tag for start
146 info addNameTag [ 'start', 'node index' ]
147 silly mapToRegistry name start
148 silly mapToRegistry using default registry
149 silly mapToRegistry registry https://registry.npmjs.org/
150 silly mapToRegistry data Result {
150 silly mapToRegistry   raw: 'start',
150 silly mapToRegistry   scope: null,
150 silly mapToRegistry   escapedName: 'start',
150 silly mapToRegistry   name: 'start',
150 silly mapToRegistry   rawSpec: '',
150 silly mapToRegistry   spec: 'latest',
150 silly mapToRegistry   type: 'tag' }
151 silly mapToRegistry uri https://registry.npmjs.org/start
152 verbose addNameTag registry:https://registry.npmjs.org/start not in flight; fetching
153 verbose get https://registry.npmjs.org/start not expired, no request
154 silly addNameTag next cb for start with tag node index
155 verbose stack Error: No compatible version found: start@'node index'
155 verbose stack Valid install targets:
155 verbose stack 0.0.2, 1.0.1, 1.0.2, 1.1.0, 1.1.1, 1.2.0, 1.2.1, 1.2.2, 1.2.3, 1.2.4, 2.0.0, 3.0.0, 3.0.1, 3.0.2, 3.1.0, 3.2.0, 3.2.1, 3.2.2, 3.2.3, 4.0.0, 4.0.1, 4.0.2, 5.0.0, 5.1.0
155 verbose stack
155 verbose stack     at installTargetsError (/usr/local/lib/node_modules/npm/lib/cache/add-named.js:292:12)
155 verbose stack     at next (/usr/local/lib/node_modules/npm/lib/cache/add-named.js:95:10)
155 verbose stack     at RES (/usr/local/lib/node_modules/npm/node_modules/inflight/inflight.js:23:14)
155 verbose stack     at f (/usr/local/lib/node_modules/npm/node_modules/once/once.js:25:25)
155 verbose stack     at fixName (/usr/local/lib/node_modules/npm/lib/cache/add-named.js:30:5)
155 verbose stack     at /usr/local/lib/node_modules/npm/lib/utils/pulse-till-done.js:20:8
155 verbose stack     at CachingRegistryClient.get_ (/usr/local/lib/node_modules/npm/lib/cache/caching-client.js:126:16)
155 verbose stack     at /usr/local/lib/node_modules/npm/lib/cache/caching-client.js:91:14
155 verbose stack     at /usr/local/lib/node_modules/npm/node_modules/graceful-fs/graceful-fs.js:78:16
155 verbose stack     at FSReqWrap.readFileAfterClose [as oncomplete] (fs.js:447:3)
156 verbose cwd /home/gary/workspace/semester.2/enterprise.web/donation-web
157 error Linux 4.4.0-96-generic
158 error argv "/usr/local/bin/node" "/usr/local/bin/npm" "update"
159 error node v6.11.3
160 error npm  v3.10.10
161 error code ETARGET
162 error notarget No compatible version found: start@'node index'
162 error notarget Valid install targets:
162 error notarget 0.0.2, 1.0.1, 1.0.2, 1.1.0, 1.1.1, 1.2.0, 1.2.1, 1.2.2, 1.2.3, 1.2.4, 2.0.0, 3.0.0, 3.0.1, 3.0.2, 3.1.0, 3.2.0, 3.2.1, 3.2.2, 3.2.3, 4.0.0, 4.0.1, 4.0.2, 5.0.0, 5.1.0
163 error notarget This is most likely not a problem with npm itself.
163 error notarget In most cases you or one of your dependencies are requesting
163 error notarget a package version that doesn't exist.
164 verbose exit [ 1, true ]
